<?xml version="1.0" encoding="UTF-8"?>
<!-- Generated by org.testng.reporters.JUnitXMLReporter -->
<testsuite ignored="2" hostname="DESKTOP-KOU1F3M" failures="1" tests="2" name="Test" time="30.56" errors="0" timestamp="2022-02-09T19:49:14 IST">
  <testcase classname="com.qa.testcases.LoginTest" name="verifyTitle" time="1.946"/>
  <testcase classname="com.qa.testcases.AddCustomerTest" name="customerCreated" time="12.264">
    <failure type="java.lang.NullPointerException" message="Cannot invoke &amp;quot;org.openqa.selenium.SearchContext.findElement(org.openqa.selenium.By)&amp;quot; because &amp;quot;this.searchContext&amp;quot; is null">
      <![CDATA[java.lang.NullPointerException: Cannot invoke "org.openqa.selenium.SearchContext.findElement(org.openqa.selenium.By)" because "this.searchContext" is null
at org.openqa.selenium.support.pagefactory.DefaultElementLocator.findElement(DefaultElementLocator.java:69)
at org.openqa.selenium.support.pagefactory.internal.LocatingElementHandler.invoke(LocatingElementHandler.java:38)
at com.sun.proxy.$Proxy12.sendKeys(Unknown Source)
at com.qa.pages.AddNewCustomerPage.submitNewCustomerDetails(AddNewCustomerPage.java:53)
at com.qa.testcases.AddCustomerTest.customerCreated(AddCustomerTest.java:23)
at java.base/java.util.ArrayList.forEach(ArrayList.java:1511)
... Removed 27 stack frames]]>
    </failure>
  </testcase> <!-- customerCreated -->
  <testcase classname="com.qa.base.TestBase" name="@BeforeTest initialization" time="0.0">
    <ignored/>
  </testcase> <!-- @BeforeTest initialization -->
  <testcase classname="com.qa.testcases.LoginTest" name="verifyReset" time="0.0">
    <ignored/>
  </testcase> <!-- verifyReset -->
</testsuite> <!-- Test -->
