<?xml version="1.0" encoding="UTF-8"?>
<!-- Generated by org.testng.reporters.JUnitXMLReporter -->
<testsuite ignored="1" hostname="DESKTOP-KOU1F3M" failures="0" tests="2" name="Test" time="3.822" errors="0" timestamp="2022-02-09T21:24:49 IST">
  <testcase classname="com.qa.testcases.LoginTest" name="verifyTitle" time="1.227"/>
  <testcase classname="com.qa.testcases.AddCustomerTest" name="customerCreated" time="2.564"/>
  <testcase classname="com.qa.testcases.LoginTest" name="verifyReset" time="0.0">
    <ignored/>
  </testcase> <!-- verifyReset -->
</testsuite> <!-- Test -->
