<?xml version="1.0" encoding="UTF-8"?>
<!-- Generated by org.testng.reporters.JUnitXMLReporter -->
<testsuite ignored="0" hostname="DESKTOP-KOU1F3M" failures="1" tests="1" name="Test(failed)" time="12.964" errors="0" timestamp="2022-02-09T19:41:00 IST">
  <testcase classname="com.qa.testcases.AddCustomerTest" name="customerCreated" time="6.751">
    <failure type="java.lang.NullPointerException" message="Cannot invoke &amp;quot;Object.getClass()&amp;quot; because &amp;quot;obj&amp;quot; is null">
      <![CDATA[java.lang.NullPointerException: Cannot invoke "Object.getClass()" because "obj" is null
at org.openqa.selenium.support.pagefactory.internal.LocatingElementHandler.invoke(LocatingElementHandler.java:51)
at com.sun.proxy.$Proxy13.sendKeys(Unknown Source)
at com.qa.pages.AddNewCustomerPage.submitNewCustomerDetails(AddNewCustomerPage.java:53)
at com.qa.testcases.AddCustomerTest.customerCreated(AddCustomerTest.java:23)
at java.base/java.util.ArrayList.forEach(ArrayList.java:1511)
... Removed 28 stack frames]]>
    </failure>
  </testcase> <!-- customerCreated -->
</testsuite> <!-- Test(failed) -->
