<?xml version="1.0" encoding="UTF-8"?>
<testng-results ignored="1" total="3" passed="2" failed="0" skipped="0">
  <reporter-output>
  </reporter-output>
  <suite started-at="2022-02-09T21:24:45 IST" name="Suite" finished-at="2022-02-09T21:24:49 IST" duration-ms="3822">
    <groups>
    </groups>
    <test started-at="2022-02-09T21:24:45 IST" name="Test" finished-at="2022-02-09T21:24:49 IST" duration-ms="3822">
      <class name="com.qa.testcases.AddCustomerTest">
        <test-method signature="customerCreated()[pri:2, instance:com.qa.testcases.AddCustomerTest@345e5a17]" started-at="2022-02-09T21:24:46 IST" name="customerCreated" finished-at="2022-02-09T21:24:49 IST" duration-ms="2564" status="PASS">
          <reporter-output>
          </reporter-output>
        </test-method> <!-- customerCreated -->
      </class> <!-- com.qa.testcases.AddCustomerTest -->
      <class name="com.qa.testcases.LoginTest">
        <test-method signature="verifyTitle()[pri:2, instance:com.qa.testcases.LoginTest@2db2cd5]" started-at="2022-02-09T21:24:45 IST" name="verifyTitle" finished-at="2022-02-09T21:24:46 IST" duration-ms="1227" status="PASS">
          <reporter-output>
          </reporter-output>
        </test-method> <!-- verifyTitle -->
      </class> <!-- com.qa.testcases.LoginTest -->
    </test> <!-- Test -->
  </suite> <!-- Suite -->
</testng-results>
