<?xml version="1.0" encoding="UTF-8"?>
<testng-results ignored="0" total="1" passed="1" failed="0" skipped="0">
  <reporter-output>
  </reporter-output>
  <suite started-at="2022-02-09T15:09:07 IST" name="Default suite" finished-at="2022-02-09T15:09:10 IST" duration-ms="3455">
    <groups>
    </groups>
    <test started-at="2022-02-09T15:09:07 IST" name="Default test" finished-at="2022-02-09T15:09:10 IST" duration-ms="3455">
      <class name="com.qa.testcases.LoginTest">
        <test-method is-config="true" signature="initialization()[pri:0, instance:com.qa.testcases.LoginTest@16610890]" started-at="2022-02-09T15:09:07 IST" name="initialization" finished-at="2022-02-09T15:09:10 IST" duration-ms="2764" status="PASS">
          <reporter-output>
          </reporter-output>
        </test-method> <!-- initialization -->
        <test-method signature="verifyTitle()[pri:0, instance:com.qa.testcases.LoginTest@16610890]" started-at="2022-02-09T15:09:10 IST" name="verifyTitle" finished-at="2022-02-09T15:09:10 IST" duration-ms="31" status="PASS">
          <reporter-output>
          </reporter-output>
        </test-method> <!-- verifyTitle -->
        <test-method is-config="true" signature="tearDown()[pri:0, instance:com.qa.testcases.LoginTest@16610890]" started-at="2022-02-09T15:09:10 IST" name="tearDown" finished-at="2022-02-09T15:09:10 IST" duration-ms="631" status="PASS">
          <reporter-output>
          </reporter-output>
        </test-method> <!-- tearDown -->
      </class> <!-- com.qa.testcases.LoginTest -->
    </test> <!-- Default test -->
  </suite> <!-- Default suite -->
</testng-results>
